app/build/intermediates/manifest_merge_blame_file/debug/processDebugMainManifest/manifest-merger-blame-debug-report.txt
1<?xml version="1.0" encoding="utf-8"?>
2<manifest xmlns:android="http://schemas.android.com/apk/res/android"
3    package="com.example.pharmacyinventory"
4    android:versionCode="1"
5    android:versionName="1.0" >
6
7    <uses-sdk
8        android:minSdkVersion="26"
9        android:targetSdkVersion="35" />
10
11    <uses-permission android:name="android.permission.POST_NOTIFICATIONS" />
11-->src/main/AndroidManifest.xml:3:5-77
11-->src/main/AndroidManifest.xml:3:22-74
12    <uses-permission android:name="android.permission.INTERNET" />
12-->src/main/AndroidManifest.xml:4:5-67
12-->src/main/AndroidManifest.xml:4:22-64
13    <uses-permission android:name="android.permission.ACCESS_NETWORK_STATE" />
13-->src/main/AndroidManifest.xml:5:5-79
13-->src/main/AndroidManifest.xml:5:22-76
14    <uses-permission android:name="android.permission.ACCESS_WIFI_STATE" />
14-->src/main/AndroidManifest.xml:6:5-76
14-->src/main/AndroidManifest.xml:6:22-73
15    <uses-permission android:name="android.permission.CHANGE_WIFI_MULTICAST_STATE" />
15-->src/main/AndroidManifest.xml:7:5-86
15-->src/main/AndroidManifest.xml:7:22-83
16    <uses-permission
16-->src/main/AndroidManifest.xml:8:5-10:58
17        android:name="android.permission.NEARBY_WIFI_DEVICES"
17-->src/main/AndroidManifest.xml:9:9-62
18        android:usesPermissionFlags="neverForLocation" />
18-->src/main/AndroidManifest.xml:10:9-55
19
20    <queries>
20-->[com.razorpay:standard-core:1.7.14] AndroidManifest.xml:10:5-39:15
21        <intent>
21-->[com.razorpay:standard-core:1.7.14] AndroidManifest.xml:11:9-17:18
22            <action android:name="android.intent.action.VIEW" />
22-->[com.razorpay:standard-core:1.7.14] AndroidManifest.xml:12:13-65
22-->[com.razorpay:standard-core:1.7.14] AndroidManifest.xml:12:21-62
23
24            <data
24-->[com.razorpay:standard-core:1.7.14] AndroidManifest.xml:14:13-16:38
25                android:mimeType="*/*"
25-->[com.razorpay:standard-core:1.7.14] AndroidManifest.xml:15:17-39
26                android:scheme="*" />
26-->[com.razorpay:standard-core:1.7.14] AndroidManifest.xml:16:17-35
27        </intent>
28        <intent>
28-->[com.razorpay:standard-core:1.7.14] AndroidManifest.xml:18:9-27:18
29            <action android:name="android.intent.action.VIEW" />
29-->[com.razorpay:standard-core:1.7.14] AndroidManifest.xml:12:13-65
29-->[com.razorpay:standard-core:1.7.14] AndroidManifest.xml:12:21-62
30
31            <category android:name="android.intent.category.BROWSABLE" />
31-->[com.razorpay:standard-core:1.7.14] AndroidManifest.xml:21:13-74
31-->[com.razorpay:standard-core:1.7.14] AndroidManifest.xml:21:23-71
32
33            <data
33-->[com.razorpay:standard-core:1.7.14] AndroidManifest.xml:14:13-16:38
34                android:host="pay"
35                android:mimeType="*/*"
35-->[com.razorpay:standard-core:1.7.14] AndroidManifest.xml:15:17-39
36                android:scheme="upi" />
36-->[com.razorpay:standard-core:1.7.14] AndroidManifest.xml:16:17-35
37        </intent>
38        <intent>
38-->[com.razorpay:standard-core:1.7.14] AndroidManifest.xml:28:9-30:18
39            <action android:name="android.intent.action.MAIN" />
39-->src/main/AndroidManifest.xml:22:17-69
39-->src/main/AndroidManifest.xml:22:25-66
40        </intent>
41        <intent>
41-->[com.razorpay:standard-core:1.7.14] AndroidManifest.xml:31:9-35:18
42            <action android:name="android.intent.action.SEND" />
42-->[com.razorpay:standard-core:1.7.14] AndroidManifest.xml:32:13-65
42-->[com.razorpay:standard-core:1.7.14] AndroidManifest.xml:32:21-62
43
44            <data android:mimeType="*/*" />
44-->[com.razorpay:standard-core:1.7.14] AndroidManifest.xml:14:13-16:38
44-->[com.razorpay:standard-core:1.7.14] AndroidManifest.xml:15:17-39
45        </intent>
46        <intent>
46-->[com.razorpay:standard-core:1.7.14] AndroidManifest.xml:36:9-38:18
47            <action android:name="rzp.device_token.share" />
47-->[com.razorpay:standard-core:1.7.14] AndroidManifest.xml:37:13-61
47-->[com.razorpay:standard-core:1.7.14] AndroidManifest.xml:37:21-58
48        </intent>
49    </queries>
50
51    <uses-feature
51-->[com.google.android.gms:play-services-maps:17.0.0] AndroidManifest.xml:26:5-28:35
52        android:glEsVersion="0x00020000"
52-->[com.google.android.gms:play-services-maps:17.0.0] AndroidManifest.xml:27:9-41
53        android:required="true" />
53-->[com.google.android.gms:play-services-maps:17.0.0] AndroidManifest.xml:28:9-32
54
55    <uses-permission android:name="android.permission.WAKE_LOCK" />
55-->[androidx.work:work-runtime:2.10.0] AndroidManifest.xml:23:5-68
55-->[androidx.work:work-runtime:2.10.0] AndroidManifest.xml:23:22-65
56    <uses-permission android:name="android.permission.RECEIVE_BOOT_COMPLETED" />
56-->[androidx.work:work-runtime:2.10.0] AndroidManifest.xml:25:5-81
56-->[androidx.work:work-runtime:2.10.0] AndroidManifest.xml:25:22-78
57    <uses-permission android:name="android.permission.FOREGROUND_SERVICE" />
57-->[androidx.work:work-runtime:2.10.0] AndroidManifest.xml:26:5-77
57-->[androidx.work:work-runtime:2.10.0] AndroidManifest.xml:26:22-74
58
59    <permission
59-->[androidx.core:core:1.15.0] AndroidManifest.xml:22:5-24:47
60        android:name="com.example.pharmacyinventory.DYNAMIC_RECEIVER_NOT_EXPORTED_PERMISSION"
60-->[androidx.core:core:1.15.0] AndroidManifest.xml:23:9-81
61        android:protectionLevel="signature" />
61-->[androidx.core:core:1.15.0] AndroidManifest.xml:24:9-44
62
63    <uses-permission android:name="com.example.pharmacyinventory.DYNAMIC_RECEIVER_NOT_EXPORTED_PERMISSION" /> <!-- Normal permission, automatically granted on API 23+ -->
63-->[androidx.core:core:1.15.0] AndroidManifest.xml:26:5-97
63-->[androidx.core:core:1.15.0] AndroidManifest.xml:26:22-94
64    <uses-permission android:name="android.permission.READ_BASIC_PHONE_STATE" />
64-->[com.razorpay:core:1.0.15] AndroidManifest.xml:10:5-81
64-->[com.razorpay:core:1.0.15] AndroidManifest.xml:10:22-78
65
66    <application
66-->src/main/AndroidManifest.xml:12:5-27:19
67        android:name="com.example.pharmacyinventory.PharmacyApplication"
67-->src/main/AndroidManifest.xml:13:9-44
68        android:allowBackup="false"
68-->src/main/AndroidManifest.xml:14:9-36
69        android:appComponentFactory="androidx.core.app.CoreComponentFactory"
69-->[androidx.core:core:1.15.0] AndroidManifest.xml:28:18-86
70        android:debuggable="true"
71        android:extractNativeLibs="false"
72        android:label="MediStock Offline"
72-->src/main/AndroidManifest.xml:15:9-42
73        android:supportsRtl="true"
73-->src/main/AndroidManifest.xml:16:9-35
74        android:theme="@style/Theme.PharmacyInventory" >
74-->src/main/AndroidManifest.xml:17:9-55
75        <activity
75-->src/main/AndroidManifest.xml:18:9-26:20
76            android:name="com.example.pharmacyinventory.MainActivity"
76-->src/main/AndroidManifest.xml:19:13-41
77            android:exported="true" >
77-->src/main/AndroidManifest.xml:20:13-36
78            <intent-filter>
78-->src/main/AndroidManifest.xml:21:13-25:29
79                <action android:name="android.intent.action.MAIN" />
79-->src/main/AndroidManifest.xml:22:17-69
79-->src/main/AndroidManifest.xml:22:25-66
80
81                <category android:name="android.intent.category.LAUNCHER" />
81-->src/main/AndroidManifest.xml:24:17-77
81-->src/main/AndroidManifest.xml:24:27-74
82            </intent-filter>
83        </activity>
84        <activity
84-->[com.razorpay:standard-core:1.7.14] AndroidManifest.xml:42:9-50:20
85            android:name="com.razorpay.CheckoutActivity"
85-->[com.razorpay:standard-core:1.7.14] AndroidManifest.xml:43:13-57
86            android:configChanges="keyboard|keyboardHidden|orientation|screenSize"
86-->[com.razorpay:standard-core:1.7.14] AndroidManifest.xml:44:13-83
87            android:exported="false"
87-->[com.razorpay:standard-core:1.7.14] AndroidManifest.xml:45:13-37
88            android:theme="@style/CheckoutTheme" >
88-->[com.razorpay:standard-core:1.7.14] AndroidManifest.xml:46:13-49
89            <intent-filter>
89-->[com.razorpay:standard-core:1.7.14] AndroidManifest.xml:47:13-49:29
90                <action android:name="android.intent.action.MAIN" />
90-->src/main/AndroidManifest.xml:22:17-69
90-->src/main/AndroidManifest.xml:22:25-66
91            </intent-filter>
92        </activity>
93
94        <provider
94-->[com.razorpay:standard-core:1.7.14] AndroidManifest.xml:52:9-63:20
95            android:name="androidx.startup.InitializationProvider"
95-->[com.razorpay:standard-core:1.7.14] AndroidManifest.xml:53:13-67
96            android:authorities="com.example.pharmacyinventory.androidx-startup"
96-->[com.razorpay:standard-core:1.7.14] AndroidManifest.xml:54:13-68
97            android:exported="false" >
97-->[com.razorpay:standard-core:1.7.14] AndroidManifest.xml:55:13-37
98            <meta-data
98-->[com.razorpay:standard-core:1.7.14] AndroidManifest.xml:57:13-59:52
99                android:name="com.razorpay.RazorpayInitializer"
99-->[com.razorpay:standard-core:1.7.14] AndroidManifest.xml:58:17-64
100                android:value="androidx.startup" />
100-->[com.razorpay:standard-core:1.7.14] AndroidManifest.xml:59:17-49
101            <meta-data
101-->[com.razorpay:standard-core:1.7.14] AndroidManifest.xml:60:13-62:52
102                android:name="com.razorpay.CoreInitializer"
102-->[com.razorpay:standard-core:1.7.14] AndroidManifest.xml:61:17-60
103                android:value="androidx.startup" />
103-->[com.razorpay:standard-core:1.7.14] AndroidManifest.xml:62:17-49
104            <meta-data
104-->[androidx.work:work-runtime:2.10.0] AndroidManifest.xml:34:13-36:52
105                android:name="androidx.work.WorkManagerInitializer"
105-->[androidx.work:work-runtime:2.10.0] AndroidManifest.xml:35:17-68
106                android:value="androidx.startup" />
106-->[androidx.work:work-runtime:2.10.0] AndroidManifest.xml:36:17-49
107            <meta-data
107-->[androidx.emoji2:emoji2:1.3.0] AndroidManifest.xml:29:13-31:52
108                android:name="androidx.emoji2.text.EmojiCompatInitializer"
108-->[androidx.emoji2:emoji2:1.3.0] AndroidManifest.xml:30:17-75
109                android:value="androidx.startup" />
109-->[androidx.emoji2:emoji2:1.3.0] AndroidManifest.xml:31:17-49
110            <meta-data
110-->[androidx.lifecycle:lifecycle-process:2.8.7] AndroidManifest.xml:29:13-31:52
111                android:name="androidx.lifecycle.ProcessLifecycleInitializer"
111-->[androidx.lifecycle:lifecycle-process:2.8.7] AndroidManifest.xml:30:17-78
112                android:value="androidx.startup" />
112-->[androidx.lifecycle:lifecycle-process:2.8.7] AndroidManifest.xml:31:17-49
113            <meta-data
113-->[androidx.profileinstaller:profileinstaller:1.3.1] AndroidManifest.xml:29:13-31:52
114                android:name="androidx.profileinstaller.ProfileInstallerInitializer"
114-->[androidx.profileinstaller:profileinstaller:1.3.1] AndroidManifest.xml:30:17-85
115                android:value="androidx.startup" />
115-->[androidx.profileinstaller:profileinstaller:1.3.1] AndroidManifest.xml:31:17-49
116        </provider>
117
118        <activity
118-->[com.razorpay:standard-core:1.7.14] AndroidManifest.xml:65:9-68:75
119            android:name="com.razorpay.MagicXActivity"
119-->[com.razorpay:standard-core:1.7.14] AndroidManifest.xml:66:13-55
120            android:exported="false"
120-->[com.razorpay:standard-core:1.7.14] AndroidManifest.xml:67:13-37
121            android:theme="@android:style/Theme.Translucent.NoTitleBar" />
121-->[com.razorpay:standard-core:1.7.14] AndroidManifest.xml:68:13-72
122        <activity
122-->[com.google.android.gms:play-services-auth:21.1.0] AndroidManifest.xml:23:9-27:75
123            android:name="com.google.android.gms.auth.api.signin.internal.SignInHubActivity"
123-->[com.google.android.gms:play-services-auth:21.1.0] AndroidManifest.xml:24:13-93
124            android:excludeFromRecents="true"
124-->[com.google.android.gms:play-services-auth:21.1.0] AndroidManifest.xml:25:13-46
125            android:exported="false"
125-->[com.google.android.gms:play-services-auth:21.1.0] AndroidManifest.xml:26:13-37
126            android:theme="@android:style/Theme.Translucent.NoTitleBar" />
126-->[com.google.android.gms:play-services-auth:21.1.0] AndroidManifest.xml:27:13-72
127        <!--
128            Service handling Google Sign-In user revocation. For apps that do not integrate with
129            Google Sign-In, this service will never be started.
130        -->
131        <service
131-->[com.google.android.gms:play-services-auth:21.1.0] AndroidManifest.xml:33:9-37:51
132            android:name="com.google.android.gms.auth.api.signin.RevocationBoundService"
132-->[com.google.android.gms:play-services-auth:21.1.0] AndroidManifest.xml:34:13-89
133            android:exported="true"
133-->[com.google.android.gms:play-services-auth:21.1.0] AndroidManifest.xml:35:13-36
134            android:permission="com.google.android.gms.auth.api.signin.permission.REVOCATION_NOTIFICATION"
134-->[com.google.android.gms:play-services-auth:21.1.0] AndroidManifest.xml:36:13-107
135            android:visibleToInstantApps="true" /> <!-- Needs to be explicitly declared on P+ -->
135-->[com.google.android.gms:play-services-auth:21.1.0] AndroidManifest.xml:37:13-48
136        <uses-library
136-->[com.google.android.gms:play-services-maps:17.0.0] AndroidManifest.xml:33:9-35:40
137            android:name="org.apache.http.legacy"
137-->[com.google.android.gms:play-services-maps:17.0.0] AndroidManifest.xml:34:13-50
138            android:required="false" />
138-->[com.google.android.gms:play-services-maps:17.0.0] AndroidManifest.xml:35:13-37
139
140        <activity
140-->[com.google.android.gms:play-services-base:18.3.0] AndroidManifest.xml:20:9-22:45
141            android:name="com.google.android.gms.common.api.GoogleApiActivity"
141-->[com.google.android.gms:play-services-base:18.3.0] AndroidManifest.xml:20:19-85
142            android:exported="false"
142-->[com.google.android.gms:play-services-base:18.3.0] AndroidManifest.xml:22:19-43
143            android:theme="@android:style/Theme.Translucent.NoTitleBar" />
143-->[com.google.android.gms:play-services-base:18.3.0] AndroidManifest.xml:21:19-78
144
145        <meta-data
145-->[com.google.android.gms:play-services-basement:18.3.0] AndroidManifest.xml:21:9-23:69
146            android:name="com.google.android.gms.version"
146-->[com.google.android.gms:play-services-basement:18.3.0] AndroidManifest.xml:22:13-58
147            android:value="@integer/google_play_services_version" />
147-->[com.google.android.gms:play-services-basement:18.3.0] AndroidManifest.xml:23:13-66
148
149        <service
149-->[androidx.work:work-runtime:2.10.0] AndroidManifest.xml:39:9-45:35
150            android:name="androidx.work.impl.background.systemalarm.SystemAlarmService"
150-->[androidx.work:work-runtime:2.10.0] AndroidManifest.xml:40:13-88
151            android:directBootAware="false"
151-->[androidx.work:work-runtime:2.10.0] AndroidManifest.xml:41:13-44
152            android:enabled="@bool/enable_system_alarm_service_default"
152-->[androidx.work:work-runtime:2.10.0] AndroidManifest.xml:42:13-72
153            android:exported="false" />
153-->[androidx.work:work-runtime:2.10.0] AndroidManifest.xml:43:13-37
154        <service
154-->[androidx.work:work-runtime:2.10.0] AndroidManifest.xml:46:9-52:35
155            android:name="androidx.work.impl.background.systemjob.SystemJobService"
155-->[androidx.work:work-runtime:2.10.0] AndroidManifest.xml:47:13-84
156            android:directBootAware="false"
156-->[androidx.work:work-runtime:2.10.0] AndroidManifest.xml:48:13-44
157            android:enabled="@bool/enable_system_job_service_default"
157-->[androidx.work:work-runtime:2.10.0] AndroidManifest.xml:49:13-70
158            android:exported="true"
158-->[androidx.work:work-runtime:2.10.0] AndroidManifest.xml:50:13-36
159            android:permission="android.permission.BIND_JOB_SERVICE" />
159-->[androidx.work:work-runtime:2.10.0] AndroidManifest.xml:51:13-69
160        <service
160-->[androidx.work:work-runtime:2.10.0] AndroidManifest.xml:53:9-59:35
161            android:name="androidx.work.impl.foreground.SystemForegroundService"
161-->[androidx.work:work-runtime:2.10.0] AndroidManifest.xml:54:13-81
162            android:directBootAware="false"
162-->[androidx.work:work-runtime:2.10.0] AndroidManifest.xml:55:13-44
163            android:enabled="@bool/enable_system_foreground_service_default"
163-->[androidx.work:work-runtime:2.10.0] AndroidManifest.xml:56:13-77
164            android:exported="false" />
164-->[androidx.work:work-runtime:2.10.0] AndroidManifest.xml:57:13-37
165
166        <receiver
166-->[androidx.work:work-runtime:2.10.0] AndroidManifest.xml:61:9-66:35
167            android:name="androidx.work.impl.utils.ForceStopRunnable$BroadcastReceiver"
167-->[androidx.work:work-runtime:2.10.0] AndroidManifest.xml:62:13-88
168            android:directBootAware="false"
168-->[androidx.work:work-runtime:2.10.0] AndroidManifest.xml:63:13-44
169            android:enabled="true"
169-->[androidx.work:work-runtime:2.10.0] AndroidManifest.xml:64:13-35
170            android:exported="false" />
170-->[androidx.work:work-runtime:2.10.0] AndroidManifest.xml:65:13-37
171        <receiver
171-->[androidx.work:work-runtime:2.10.0] AndroidManifest.xml:67:9-77:20
172            android:name="androidx.work.impl.background.systemalarm.ConstraintProxy$BatteryChargingProxy"
172-->[androidx.work:work-runtime:2.10.0] AndroidManifest.xml:68:13-106
173            android:directBootAware="false"
173-->[androidx.work:work-runtime:2.10.0] AndroidManifest.xml:69:13-44
174            android:enabled="false"
174-->[androidx.work:work-runtime:2.10.0] AndroidManifest.xml:70:13-36
175            android:exported="false" >
175-->[androidx.work:work-runtime:2.10.0] AndroidManifest.xml:71:13-37
176            <intent-filter>
176-->[androidx.work:work-runtime:2.10.0] AndroidManifest.xml:73:13-76:29
177                <action android:name="android.intent.action.ACTION_POWER_CONNECTED" />
177-->[androidx.work:work-runtime:2.10.0] AndroidManifest.xml:74:17-87
177-->[androidx.work:work-runtime:2.10.0] AndroidManifest.xml:74:25-84
178                <action android:name="android.intent.action.ACTION_POWER_DISCONNECTED" />
178-->[androidx.work:work-runtime:2.10.0] AndroidManifest.xml:75:17-90
178-->[androidx.work:work-runtime:2.10.0] AndroidManifest.xml:75:25-87
179            </intent-filter>
180        </receiver>
181        <receiver
181-->[androidx.work:work-runtime:2.10.0] AndroidManifest.xml:78:9-88:20
182            android:name="androidx.work.impl.background.systemalarm.ConstraintProxy$BatteryNotLowProxy"
182-->[androidx.work:work-runtime:2.10.0] AndroidManifest.xml:79:13-104
183            android:directBootAware="false"
183-->[androidx.work:work-runtime:2.10.0] AndroidManifest.xml:80:13-44
184            android:enabled="false"
184-->[androidx.work:work-runtime:2.10.0] AndroidManifest.xml:81:13-36
185            android:exported="false" >
185-->[androidx.work:work-runtime:2.10.0] AndroidManifest.xml:82:13-37
186            <intent-filter>
186-->[androidx.work:work-runtime:2.10.0] AndroidManifest.xml:84:13-87:29
187                <action android:name="android.intent.action.BATTERY_OKAY" />
187-->[androidx.work:work-runtime:2.10.0] AndroidManifest.xml:85:17-77
187-->[androidx.work:work-runtime:2.10.0] AndroidManifest.xml:85:25-74
188                <action android:name="android.intent.action.BATTERY_LOW" />
188-->[androidx.work:work-runtime:2.10.0] AndroidManifest.xml:86:17-76
188-->[androidx.work:work-runtime:2.10.0] AndroidManifest.xml:86:25-73
189            </intent-filter>
190        </receiver>
191        <receiver
191-->[androidx.work:work-runtime:2.10.0] AndroidManifest.xml:89:9-99:20
192            android:name="androidx.work.impl.background.systemalarm.ConstraintProxy$StorageNotLowProxy"
192-->[androidx.work:work-runtime:2.10.0] AndroidManifest.xml:90:13-104
193            android:directBootAware="false"
193-->[androidx.work:work-runtime:2.10.0] AndroidManifest.xml:91:13-44
194            android:enabled="false"
194-->[androidx.work:work-runtime:2.10.0] AndroidManifest.xml:92:13-36
195            android:exported="false" >
195-->[androidx.work:work-runtime:2.10.0] AndroidManifest.xml:93:13-37
196            <intent-filter>
196-->[androidx.work:work-runtime:2.10.0] AndroidManifest.xml:95:13-98:29
197                <action android:name="android.intent.action.DEVICE_STORAGE_LOW" />
197-->[androidx.work:work-runtime:2.10.0] AndroidManifest.xml:96:17-83
197-->[androidx.work:work-runtime:2.10.0] AndroidManifest.xml:96:25-80
198                <action android:name="android.intent.action.DEVICE_STORAGE_OK" />
198-->[androidx.work:work-runtime:2.10.0] AndroidManifest.xml:97:17-82
198-->[androidx.work:work-runtime:2.10.0] AndroidManifest.xml:97:25-79
199            </intent-filter>
200        </receiver>
201        <receiver
201-->[androidx.work:work-runtime:2.10.0] AndroidManifest.xml:100:9-109:20
202            android:name="androidx.work.impl.background.systemalarm.ConstraintProxy$NetworkStateProxy"
202-->[androidx.work:work-runtime:2.10.0] AndroidManifest.xml:101:13-103
203            android:directBootAware="false"
203-->[androidx.work:work-runtime:2.10.0] AndroidManifest.xml:102:13-44
204            android:enabled="false"
204-->[androidx.work:work-runtime:2.10.0] AndroidManifest.xml:103:13-36
205            android:exported="false" >
205-->[androidx.work:work-runtime:2.10.0] AndroidManifest.xml:104:13-37
206            <intent-filter>
206-->[androidx.work:work-runtime:2.10.0] AndroidManifest.xml:106:13-108:29
207                <action android:name="android.net.conn.CONNECTIVITY_CHANGE" />
207-->[androidx.work:work-runtime:2.10.0] AndroidManifest.xml:107:17-79
207-->[androidx.work:work-runtime:2.10.0] AndroidManifest.xml:107:25-76
208            </intent-filter>
209        </receiver>
210        <receiver
210-->[androidx.work:work-runtime:2.10.0] AndroidManifest.xml:110:9-121:20
211            android:name="androidx.work.impl.background.systemalarm.RescheduleReceiver"
211-->[androidx.work:work-runtime:2.10.0] AndroidManifest.xml:111:13-88
212            android:directBootAware="false"
212-->[androidx.work:work-runtime:2.10.0] AndroidManifest.xml:112:13-44
213            android:enabled="false"
213-->[androidx.work:work-runtime:2.10.0] AndroidManifest.xml:113:13-36
214            android:exported="false" >
214-->[androidx.work:work-runtime:2.10.0] AndroidManifest.xml:114:13-37
215            <intent-filter>
215-->[androidx.work:work-runtime:2.10.0] AndroidManifest.xml:116:13-120:29
216                <action android:name="android.intent.action.BOOT_COMPLETED" />
216-->[androidx.work:work-runtime:2.10.0] AndroidManifest.xml:117:17-79
216-->[androidx.work:work-runtime:2.10.0] AndroidManifest.xml:117:25-76
217                <action android:name="android.intent.action.TIME_SET" />
217-->[androidx.work:work-runtime:2.10.0] AndroidManifest.xml:118:17-73
217-->[androidx.work:work-runtime:2.10.0] AndroidManifest.xml:118:25-70
218                <action android:name="android.intent.action.TIMEZONE_CHANGED" />
218-->[androidx.work:work-runtime:2.10.0] AndroidManifest.xml:119:17-81
218-->[androidx.work:work-runtime:2.10.0] AndroidManifest.xml:119:25-78
219            </intent-filter>
220        </receiver>
221        <receiver
221-->[androidx.work:work-runtime:2.10.0] AndroidManifest.xml:122:9-131:20
222            android:name="androidx.work.impl.background.systemalarm.ConstraintProxyUpdateReceiver"
222-->[androidx.work:work-runtime:2.10.0] AndroidManifest.xml:123:13-99
223            android:directBootAware="false"
223-->[androidx.work:work-runtime:2.10.0] AndroidManifest.xml:124:13-44
224            android:enabled="@bool/enable_system_alarm_service_default"
224-->[androidx.work:work-runtime:2.10.0] AndroidManifest.xml:125:13-72
225            android:exported="false" >
225-->[androidx.work:work-runtime:2.10.0] AndroidManifest.xml:126:13-37
226            <intent-filter>
226-->[androidx.work:work-runtime:2.10.0] AndroidManifest.xml:128:13-130:29
227                <action android:name="androidx.work.impl.background.systemalarm.UpdateProxies" />
227-->[androidx.work:work-runtime:2.10.0] AndroidManifest.xml:129:17-98
227-->[androidx.work:work-runtime:2.10.0] AndroidManifest.xml:129:25-95
228            </intent-filter>
229        </receiver>
230        <receiver
230-->[androidx.work:work-runtime:2.10.0] AndroidManifest.xml:132:9-142:20
231            android:name="androidx.work.impl.diagnostics.DiagnosticsReceiver"
231-->[androidx.work:work-runtime:2.10.0] AndroidManifest.xml:133:13-78
232            android:directBootAware="false"
232-->[androidx.work:work-runtime:2.10.0] AndroidManifest.xml:134:13-44
233            android:enabled="true"
233-->[androidx.work:work-runtime:2.10.0] AndroidManifest.xml:135:13-35
234            android:exported="true"
234-->[androidx.work:work-runtime:2.10.0] AndroidManifest.xml:136:13-36
235            android:permission="android.permission.DUMP" >
235-->[androidx.work:work-runtime:2.10.0] AndroidManifest.xml:137:13-57
236            <intent-filter>
236-->[androidx.work:work-runtime:2.10.0] AndroidManifest.xml:139:13-141:29
237                <action android:name="androidx.work.diagnostics.REQUEST_DIAGNOSTICS" />
237-->[androidx.work:work-runtime:2.10.0] AndroidManifest.xml:140:17-88
237-->[androidx.work:work-runtime:2.10.0] AndroidManifest.xml:140:25-85
238            </intent-filter>
239        </receiver>
240
241        <activity
241-->[androidx.compose.ui:ui-tooling-android:1.7.6] AndroidManifest.xml:23:9-25:39
242            android:name="androidx.compose.ui.tooling.PreviewActivity"
242-->[androidx.compose.ui:ui-tooling-android:1.7.6] AndroidManifest.xml:24:13-71
243            android:exported="true" />
243-->[androidx.compose.ui:ui-tooling-android:1.7.6] AndroidManifest.xml:25:13-36
244
245        <service
245-->[androidx.room:room-runtime:2.6.1] AndroidManifest.xml:24:9-28:63
246            android:name="androidx.room.MultiInstanceInvalidationService"
246-->[androidx.room:room-runtime:2.6.1] AndroidManifest.xml:25:13-74
247            android:directBootAware="true"
247-->[androidx.room:room-runtime:2.6.1] AndroidManifest.xml:26:13-43
248            android:exported="false" />
248-->[androidx.room:room-runtime:2.6.1] AndroidManifest.xml:27:13-37
249
250        <receiver
250-->[androidx.profileinstaller:profileinstaller:1.3.1] AndroidManifest.xml:34:9-52:20
251            android:name="androidx.profileinstaller.ProfileInstallReceiver"
251-->[androidx.profileinstaller:profileinstaller:1.3.1] AndroidManifest.xml:35:13-76
252            android:directBootAware="false"
252-->[androidx.profileinstaller:profileinstaller:1.3.1] AndroidManifest.xml:36:13-44
253            android:enabled="true"
253-->[androidx.profileinstaller:profileinstaller:1.3.1] AndroidManifest.xml:37:13-35
254            android:exported="true"
254-->[androidx.profileinstaller:profileinstaller:1.3.1] AndroidManifest.xml:38:13-36
255            android:permission="android.permission.DUMP" >
255-->[androidx.profileinstaller:profileinstaller:1.3.1] AndroidManifest.xml:39:13-57
256            <intent-filter>
256-->[androidx.profileinstaller:profileinstaller:1.3.1] AndroidManifest.xml:40:13-42:29
257                <action android:name="androidx.profileinstaller.action.INSTALL_PROFILE" />
257-->[androidx.profileinstaller:profileinstaller:1.3.1] AndroidManifest.xml:41:17-91
257-->[androidx.profileinstaller:profileinstaller:1.3.1] AndroidManifest.xml:41:25-88
258            </intent-filter>
259            <intent-filter>
259-->[androidx.profileinstaller:profileinstaller:1.3.1] AndroidManifest.xml:43:13-45:29
260                <action android:name="androidx.profileinstaller.action.SKIP_FILE" />
260-->[androidx.profileinstaller:profileinstaller:1.3.1] AndroidManifest.xml:44:17-85
260-->[androidx.profileinstaller:profileinstaller:1.3.1] AndroidManifest.xml:44:25-82
261            </intent-filter>
262            <intent-filter>
262-->[androidx.profileinstaller:profileinstaller:1.3.1] AndroidManifest.xml:46:13-48:29
263                <action android:name="androidx.profileinstaller.action.SAVE_PROFILE" />
263-->[androidx.profileinstaller:profileinstaller:1.3.1] AndroidManifest.xml:47:17-88
263-->[androidx.profileinstaller:profileinstaller:1.3.1] AndroidManifest.xml:47:25-85
264            </intent-filter>
265            <intent-filter>
265-->[androidx.profileinstaller:profileinstaller:1.3.1] AndroidManifest.xml:49:13-51:29
266                <action android:name="androidx.profileinstaller.action.BENCHMARK_OPERATION" />
266-->[androidx.profileinstaller:profileinstaller:1.3.1] AndroidManifest.xml:50:17-95
266-->[androidx.profileinstaller:profileinstaller:1.3.1] AndroidManifest.xml:50:25-92
267            </intent-filter>
268        </receiver>
269
270        <activity
270-->[com.razorpay:core:1.0.15] AndroidManifest.xml:13:9-27:20
271            android:name="com.razorpay.DeeplinkActivity"
271-->[com.razorpay:core:1.0.15] AndroidManifest.xml:14:13-57
272            android:exported="true"
272-->[com.razorpay:core:1.0.15] AndroidManifest.xml:15:13-36
273            android:theme="@style/CheckoutTheme" >
273-->[com.razorpay:core:1.0.15] AndroidManifest.xml:16:13-49
274            <intent-filter>
274-->[com.razorpay:core:1.0.15] AndroidManifest.xml:17:13-26:29
275                <action android:name="android.intent.action.VIEW" />
275-->[com.razorpay:standard-core:1.7.14] AndroidManifest.xml:12:13-65
275-->[com.razorpay:standard-core:1.7.14] AndroidManifest.xml:12:21-62
276
277                <category android:name="android.intent.category.DEFAULT" />
277-->[com.razorpay:core:1.0.15] AndroidManifest.xml:20:17-76